<?xml version="1.0" encoding="UTF-8"?>
<testsuite xmlns:xsi="http://www.w3.org/2001/XMLSchema-instance" xsi:noNamespaceSchemaLocation="https://maven.apache.org/surefire/maven-surefire-plugin/xsd/surefire-test-report.xsd" name="com.li.springboot_vue.RedisConnectTest" time="16.452" tests="2" errors="0" skipped="0" failures="0">
  <properties>
    <property name="sun.desktop" value="windows"/>
    <property name="awt.toolkit" value="sun.awt.windows.WToolkit"/>
    <property name="java.specification.version" value="11"/>
    <property name="sun.cpu.isalist" value="amd64"/>
    <property name="sun.jnu.encoding" value="GBK"/>
    <property name="java.class.path" value="E:\springboot_vue\target\test-classes;E:\springboot_vue\target\classes;E:\apache-maven-3.6.3\maven-repo\org\springframework\boot\spring-boot-starter-web\2.4.1\spring-boot-starter-web-2.4.1.jar;E:\apache-maven-3.6.3\maven-repo\org\springframework\boot\spring-boot-starter\2.4.1\spring-boot-starter-2.4.1.jar;E:\apache-maven-3.6.3\maven-repo\org\springframework\boot\spring-boot-starter-logging\2.4.1\spring-boot-starter-logging-2.4.1.jar;E:\apache-maven-3.6.3\maven-repo\ch\qos\logback\logback-classic\1.2.3\logback-classic-1.2.3.jar;E:\apache-maven-3.6.3\maven-repo\ch\qos\logback\logback-core\1.2.3\logback-core-1.2.3.jar;E:\apache-maven-3.6.3\maven-repo\org\apache\logging\log4j\log4j-to-slf4j\2.13.3\log4j-to-slf4j-2.13.3.jar;E:\apache-maven-3.6.3\maven-repo\org\apache\logging\log4j\log4j-api\2.13.3\log4j-api-2.13.3.jar;E:\apache-maven-3.6.3\maven-repo\org\slf4j\jul-to-slf4j\1.7.30\jul-to-slf4j-1.7.30.jar;E:\apache-maven-3.6.3\maven-repo\jakarta\annotation\jakarta.annotation-api\1.3.5\jakarta.annotation-api-1.3.5.jar;E:\apache-maven-3.6.3\maven-repo\org\yaml\snakeyaml\1.27\snakeyaml-1.27.jar;E:\apache-maven-3.6.3\maven-repo\org\springframework\boot\spring-boot-starter-json\2.4.1\spring-boot-starter-json-2.4.1.jar;E:\apache-maven-3.6.3\maven-repo\com\fasterxml\jackson\datatype\jackson-datatype-jdk8\2.11.3\jackson-datatype-jdk8-2.11.3.jar;E:\apache-maven-3.6.3\maven-repo\com\fasterxml\jackson\datatype\jackson-datatype-jsr310\2.11.3\jackson-datatype-jsr310-2.11.3.jar;E:\apache-maven-3.6.3\maven-repo\com\fasterxml\jackson\module\jackson-module-parameter-names\2.11.3\jackson-module-parameter-names-2.11.3.jar;E:\apache-maven-3.6.3\maven-repo\org\springframework\boot\spring-boot-starter-tomcat\2.4.1\spring-boot-starter-tomcat-2.4.1.jar;E:\apache-maven-3.6.3\maven-repo\org\apache\tomcat\embed\tomcat-embed-core\9.0.41\tomcat-embed-core-9.0.41.jar;E:\apache-maven-3.6.3\maven-repo\org\glassfish\jakarta.el\3.0.3\jakarta.el-3.0.3.jar;E:\apache-maven-3.6.3\maven-repo\org\apache\tomcat\embed\tomcat-embed-websocket\9.0.41\tomcat-embed-websocket-9.0.41.jar;E:\apache-maven-3.6.3\maven-repo\org\springframework\spring-web\5.3.2\spring-web-5.3.2.jar;E:\apache-maven-3.6.3\maven-repo\org\springframework\spring-beans\5.3.2\spring-beans-5.3.2.jar;E:\apache-maven-3.6.3\maven-repo\org\springframework\spring-webmvc\5.3.2\spring-webmvc-5.3.2.jar;E:\apache-maven-3.6.3\maven-repo\org\springframework\spring-aop\5.3.2\spring-aop-5.3.2.jar;E:\apache-maven-3.6.3\maven-repo\org\springframework\spring-context\5.3.2\spring-context-5.3.2.jar;E:\apache-maven-3.6.3\maven-repo\org\springframework\spring-expression\5.3.2\spring-expression-5.3.2.jar;E:\apache-maven-3.6.3\maven-repo\org\mybatis\spring\boot\mybatis-spring-boot-starter\2.1.4\mybatis-spring-boot-starter-2.1.4.jar;E:\apache-maven-3.6.3\maven-repo\org\springframework\boot\spring-boot-starter-jdbc\2.4.1\spring-boot-starter-jdbc-2.4.1.jar;E:\apache-maven-3.6.3\maven-repo\com\zaxxer\HikariCP\3.4.5\HikariCP-3.4.5.jar;E:\apache-maven-3.6.3\maven-repo\org\springframework\spring-jdbc\5.3.2\spring-jdbc-5.3.2.jar;E:\apache-maven-3.6.3\maven-repo\org\mybatis\spring\boot\mybatis-spring-boot-autoconfigure\2.1.4\mybatis-spring-boot-autoconfigure-2.1.4.jar;E:\apache-maven-3.6.3\maven-repo\org\mybatis\mybatis\3.5.6\mybatis-3.5.6.jar;E:\apache-maven-3.6.3\maven-repo\org\mybatis\mybatis-spring\2.0.6\mybatis-spring-2.0.6.jar;E:\apache-maven-3.6.3\maven-repo\org\springframework\boot\spring-boot-devtools\2.4.1\spring-boot-devtools-2.4.1.jar;E:\apache-maven-3.6.3\maven-repo\org\springframework\boot\spring-boot\2.4.1\spring-boot-2.4.1.jar;E:\apache-maven-3.6.3\maven-repo\org\springframework\boot\spring-boot-autoconfigure\2.4.1\spring-boot-autoconfigure-2.4.1.jar;E:\apache-maven-3.6.3\maven-repo\mysql\mysql-connector-java\5.1.6\mysql-connector-java-5.1.6.jar;E:\apache-maven-3.6.3\maven-repo\org\projectlombok\lombok\1.18.16\lombok-1.18.16.jar;E:\apache-maven-3.6.3\maven-repo\org\springframework\boot\spring-boot-starter-test\2.4.1\spring-boot-starter-test-2.4.1.jar;E:\apache-maven-3.6.3\maven-repo\org\springframework\boot\spring-boot-test\2.4.1\spring-boot-test-2.4.1.jar;E:\apache-maven-3.6.3\maven-repo\org\springframework\boot\spring-boot-test-autoconfigure\2.4.1\spring-boot-test-autoconfigure-2.4.1.jar;E:\apache-maven-3.6.3\maven-repo\com\jayway\jsonpath\json-path\2.4.0\json-path-2.4.0.jar;E:\apache-maven-3.6.3\maven-repo\net\minidev\json-smart\2.3\json-smart-2.3.jar;E:\apache-maven-3.6.3\maven-repo\net\minidev\accessors-smart\1.2\accessors-smart-1.2.jar;E:\apache-maven-3.6.3\maven-repo\org\ow2\asm\asm\5.0.4\asm-5.0.4.jar;E:\apache-maven-3.6.3\maven-repo\org\slf4j\slf4j-api\1.7.30\slf4j-api-1.7.30.jar;E:\apache-maven-3.6.3\maven-repo\jakarta\xml\bind\jakarta.xml.bind-api\2.3.3\jakarta.xml.bind-api-2.3.3.jar;E:\apache-maven-3.6.3\maven-repo\jakarta\activation\jakarta.activation-api\1.2.2\jakarta.activation-api-1.2.2.jar;E:\apache-maven-3.6.3\maven-repo\org\assertj\assertj-core\3.18.1\assertj-core-3.18.1.jar;E:\apache-maven-3.6.3\maven-repo\org\hamcrest\hamcrest\2.2\hamcrest-2.2.jar;E:\apache-maven-3.6.3\maven-repo\org\junit\jupiter\junit-jupiter\5.7.0\junit-jupiter-5.7.0.jar;E:\apache-maven-3.6.3\maven-repo\org\junit\jupiter\junit-jupiter-api\5.7.0\junit-jupiter-api-5.7.0.jar;E:\apache-maven-3.6.3\maven-repo\org\apiguardian\apiguardian-api\1.1.0\apiguardian-api-1.1.0.jar;E:\apache-maven-3.6.3\maven-repo\org\opentest4j\opentest4j\1.2.0\opentest4j-1.2.0.jar;E:\apache-maven-3.6.3\maven-repo\org\junit\platform\junit-platform-commons\1.7.0\junit-platform-commons-1.7.0.jar;E:\apache-maven-3.6.3\maven-repo\org\junit\jupiter\junit-jupiter-params\5.7.0\junit-jupiter-params-5.7.0.jar;E:\apache-maven-3.6.3\maven-repo\org\junit\jupiter\junit-jupiter-engine\5.7.0\junit-jupiter-engine-5.7.0.jar;E:\apache-maven-3.6.3\maven-repo\org\junit\platform\junit-platform-engine\1.7.0\junit-platform-engine-1.7.0.jar;E:\apache-maven-3.6.3\maven-repo\org\mockito\mockito-core\3.6.28\mockito-core-3.6.28.jar;E:\apache-maven-3.6.3\maven-repo\net\bytebuddy\byte-buddy\1.10.18\byte-buddy-1.10.18.jar;E:\apache-maven-3.6.3\maven-repo\net\bytebuddy\byte-buddy-agent\1.10.18\byte-buddy-agent-1.10.18.jar;E:\apache-maven-3.6.3\maven-repo\org\objenesis\objenesis\3.1\objenesis-3.1.jar;E:\apache-maven-3.6.3\maven-repo\org\mockito\mockito-junit-jupiter\3.6.28\mockito-junit-jupiter-3.6.28.jar;E:\apache-maven-3.6.3\maven-repo\org\skyscreamer\jsonassert\1.5.0\jsonassert-1.5.0.jar;E:\apache-maven-3.6.3\maven-repo\com\vaadin\external\google\android-json\0.0.20131108.vaadin1\android-json-0.0.20131108.vaadin1.jar;E:\apache-maven-3.6.3\maven-repo\org\springframework\spring-core\5.3.2\spring-core-5.3.2.jar;E:\apache-maven-3.6.3\maven-repo\org\springframework\spring-jcl\5.3.2\spring-jcl-5.3.2.jar;E:\apache-maven-3.6.3\maven-repo\org\springframework\spring-test\5.3.2\spring-test-5.3.2.jar;E:\apache-maven-3.6.3\maven-repo\org\xmlunit\xmlunit-core\2.7.0\xmlunit-core-2.7.0.jar;E:\apache-maven-3.6.3\maven-repo\com\alibaba\druid\1.1.19\druid-1.1.19.jar;E:\apache-maven-3.6.3\maven-repo\commons-fileupload\commons-fileupload\1.4\commons-fileupload-1.4.jar;E:\apache-maven-3.6.3\maven-repo\commons-io\commons-io\2.2\commons-io-2.2.jar;E:\apache-maven-3.6.3\maven-repo\redis\clients\jedis\2.9.0\jedis-2.9.0.jar;E:\apache-maven-3.6.3\maven-repo\org\apache\commons\commons-pool2\2.9.0\commons-pool2-2.9.0.jar;E:\apache-maven-3.6.3\maven-repo\org\springframework\boot\spring-boot-starter-data-redis\2.4.1\spring-boot-starter-data-redis-2.4.1.jar;E:\apache-maven-3.6.3\maven-repo\org\springframework\data\spring-data-redis\2.4.2\spring-data-redis-2.4.2.jar;E:\apache-maven-3.6.3\maven-repo\org\springframework\data\spring-data-keyvalue\2.4.2\spring-data-keyvalue-2.4.2.jar;E:\apache-maven-3.6.3\maven-repo\org\springframework\data\spring-data-commons\2.4.2\spring-data-commons-2.4.2.jar;E:\apache-maven-3.6.3\maven-repo\org\springframework\spring-tx\5.3.2\spring-tx-5.3.2.jar;E:\apache-maven-3.6.3\maven-repo\org\springframework\spring-oxm\5.3.2\spring-oxm-5.3.2.jar;E:\apache-maven-3.6.3\maven-repo\org\springframework\spring-context-support\5.3.2\spring-context-support-5.3.2.jar;E:\apache-maven-3.6.3\maven-repo\io\lettuce\lettuce-core\6.0.1.RELEASE\lettuce-core-6.0.1.RELEASE.jar;E:\apache-maven-3.6.3\maven-repo\io\netty\netty-common\4.1.55.Final\netty-common-4.1.55.Final.jar;E:\apache-maven-3.6.3\maven-repo\io\netty\netty-handler\4.1.55.Final\netty-handler-4.1.55.Final.jar;E:\apache-maven-3.6.3\maven-repo\io\netty\netty-resolver\4.1.55.Final\netty-resolver-4.1.55.Final.jar;E:\apache-maven-3.6.3\maven-repo\io\netty\netty-buffer\4.1.55.Final\netty-buffer-4.1.55.Final.jar;E:\apache-maven-3.6.3\maven-repo\io\netty\netty-codec\4.1.55.Final\netty-codec-4.1.55.Final.jar;E:\apache-maven-3.6.3\maven-repo\io\netty\netty-transport\4.1.55.Final\netty-transport-4.1.55.Final.jar;E:\apache-maven-3.6.3\maven-repo\io\projectreactor\reactor-core\3.4.1\reactor-core-3.4.1.jar;E:\apache-maven-3.6.3\maven-repo\org\reactivestreams\reactive-streams\1.0.3\reactive-streams-1.0.3.jar;E:\apache-maven-3.6.3\maven-repo\com\alibaba\fastjson\1.2.75\fastjson-1.2.75.jar;E:\apache-maven-3.6.3\maven-repo\com\auth0\java-jwt\3.10.3\java-jwt-3.10.3.jar;E:\apache-maven-3.6.3\maven-repo\com\fasterxml\jackson\core\jackson-databind\2.11.3\jackson-databind-2.11.3.jar;E:\apache-maven-3.6.3\maven-repo\com\fasterxml\jackson\core\jackson-annotations\2.11.3\jackson-annotations-2.11.3.jar;E:\apache-maven-3.6.3\maven-repo\com\fasterxml\jackson\core\jackson-core\2.11.3\jackson-core-2.11.3.jar;E:\apache-maven-3.6.3\maven-repo\commons-codec\commons-codec\1.15\commons-codec-1.15.jar;E:\apache-maven-3.6.3\maven-repo\io\jsonwebtoken\jjwt\0.9.1\jjwt-0.9.1.jar;E:\apache-maven-3.6.3\maven-repo\org\springframework\boot\spring-boot-configuration-processor\2.4.1\spring-boot-configuration-processor-2.4.1.jar;"/>
    <property name="java.vm.vendor" value="JetBrains s.r.o"/>
    <property name="sun.arch.data.model" value="64"/>
    <property name="user.variant" value=""/>
    <property name="java.vendor.url" value="https://www.jetbrains.com/"/>
    <property name="user.timezone" value="Asia/Shanghai"/>
    <property name="java.vm.specification.version" value="11"/>
    <property name="os.name" value="Windows 10"/>
    <property name="sun.java.launcher" value="SUN_STANDARD"/>
    <property name="user.country" value="CN"/>
    <property name="sun.boot.library.path" value="E:\IntelliJ IDEA 2019.3.3\jbr\bin"/>
    <property name="sun.java.command" value="C:\Users\lihao\AppData\Local\Temp\surefire12095906815231736457\surefirebooter5235058436305469478.jar C:\Users\lihao\AppData\Local\Temp\surefire12095906815231736457 2020-12-19T00-04-37_991-jvmRun1 surefire16658256727610796154tmp surefire_04026068132189047460tmp"/>
    <property name="jdk.debug" value="release"/>
    <property name="surefire.test.class.path" value="E:\springboot_vue\target\test-classes;E:\springboot_vue\target\classes;E:\apache-maven-3.6.3\maven-repo\org\springframework\boot\spring-boot-starter-web\2.4.1\spring-boot-starter-web-2.4.1.jar;E:\apache-maven-3.6.3\maven-repo\org\springframework\boot\spring-boot-starter\2.4.1\spring-boot-starter-2.4.1.jar;E:\apache-maven-3.6.3\maven-repo\org\springframework\boot\spring-boot-starter-logging\2.4.1\spring-boot-starter-logging-2.4.1.jar;E:\apache-maven-3.6.3\maven-repo\ch\qos\logback\logback-classic\1.2.3\logback-classic-1.2.3.jar;E:\apache-maven-3.6.3\maven-repo\ch\qos\logback\logback-core\1.2.3\logback-core-1.2.3.jar;E:\apache-maven-3.6.3\maven-repo\org\apache\logging\log4j\log4j-to-slf4j\2.13.3\log4j-to-slf4j-2.13.3.jar;E:\apache-maven-3.6.3\maven-repo\org\apache\logging\log4j\log4j-api\2.13.3\log4j-api-2.13.3.jar;E:\apache-maven-3.6.3\maven-repo\org\slf4j\jul-to-slf4j\1.7.30\jul-to-slf4j-1.7.30.jar;E:\apache-maven-3.6.3\maven-repo\jakarta\annotation\jakarta.annotation-api\1.3.5\jakarta.annotation-api-1.3.5.jar;E:\apache-maven-3.6.3\maven-repo\org\yaml\snakeyaml\1.27\snakeyaml-1.27.jar;E:\apache-maven-3.6.3\maven-repo\org\springframework\boot\spring-boot-starter-json\2.4.1\spring-boot-starter-json-2.4.1.jar;E:\apache-maven-3.6.3\maven-repo\com\fasterxml\jackson\datatype\jackson-datatype-jdk8\2.11.3\jackson-datatype-jdk8-2.11.3.jar;E:\apache-maven-3.6.3\maven-repo\com\fasterxml\jackson\datatype\jackson-datatype-jsr310\2.11.3\jackson-datatype-jsr310-2.11.3.jar;E:\apache-maven-3.6.3\maven-repo\com\fasterxml\jackson\module\jackson-module-parameter-names\2.11.3\jackson-module-parameter-names-2.11.3.jar;E:\apache-maven-3.6.3\maven-repo\org\springframework\boot\spring-boot-starter-tomcat\2.4.1\spring-boot-starter-tomcat-2.4.1.jar;E:\apache-maven-3.6.3\maven-repo\org\apache\tomcat\embed\tomcat-embed-core\9.0.41\tomcat-embed-core-9.0.41.jar;E:\apache-maven-3.6.3\maven-repo\org\glassfish\jakarta.el\3.0.3\jakarta.el-3.0.3.jar;E:\apache-maven-3.6.3\maven-repo\org\apache\tomcat\embed\tomcat-embed-websocket\9.0.41\tomcat-embed-websocket-9.0.41.jar;E:\apache-maven-3.6.3\maven-repo\org\springframework\spring-web\5.3.2\spring-web-5.3.2.jar;E:\apache-maven-3.6.3\maven-repo\org\springframework\spring-beans\5.3.2\spring-beans-5.3.2.jar;E:\apache-maven-3.6.3\maven-repo\org\springframework\spring-webmvc\5.3.2\spring-webmvc-5.3.2.jar;E:\apache-maven-3.6.3\maven-repo\org\springframework\spring-aop\5.3.2\spring-aop-5.3.2.jar;E:\apache-maven-3.6.3\maven-repo\org\springframework\spring-context\5.3.2\spring-context-5.3.2.jar;E:\apache-maven-3.6.3\maven-repo\org\springframework\spring-expression\5.3.2\spring-expression-5.3.2.jar;E:\apache-maven-3.6.3\maven-repo\org\mybatis\spring\boot\mybatis-spring-boot-starter\2.1.4\mybatis-spring-boot-starter-2.1.4.jar;E:\apache-maven-3.6.3\maven-repo\org\springframework\boot\spring-boot-starter-jdbc\2.4.1\spring-boot-starter-jdbc-2.4.1.jar;E:\apache-maven-3.6.3\maven-repo\com\zaxxer\HikariCP\3.4.5\HikariCP-3.4.5.jar;E:\apache-maven-3.6.3\maven-repo\org\springframework\spring-jdbc\5.3.2\spring-jdbc-5.3.2.jar;E:\apache-maven-3.6.3\maven-repo\org\mybatis\spring\boot\mybatis-spring-boot-autoconfigure\2.1.4\mybatis-spring-boot-autoconfigure-2.1.4.jar;E:\apache-maven-3.6.3\maven-repo\org\mybatis\mybatis\3.5.6\mybatis-3.5.6.jar;E:\apache-maven-3.6.3\maven-repo\org\mybatis\mybatis-spring\2.0.6\mybatis-spring-2.0.6.jar;E:\apache-maven-3.6.3\maven-repo\org\springframework\boot\spring-boot-devtools\2.4.1\spring-boot-devtools-2.4.1.jar;E:\apache-maven-3.6.3\maven-repo\org\springframework\boot\spring-boot\2.4.1\spring-boot-2.4.1.jar;E:\apache-maven-3.6.3\maven-repo\org\springframework\boot\spring-boot-autoconfigure\2.4.1\spring-boot-autoconfigure-2.4.1.jar;E:\apache-maven-3.6.3\maven-repo\mysql\mysql-connector-java\5.1.6\mysql-connector-java-5.1.6.jar;E:\apache-maven-3.6.3\maven-repo\org\projectlombok\lombok\1.18.16\lombok-1.18.16.jar;E:\apache-maven-3.6.3\maven-repo\org\springframework\boot\spring-boot-starter-test\2.4.1\spring-boot-starter-test-2.4.1.jar;E:\apache-maven-3.6.3\maven-repo\org\springframework\boot\spring-boot-test\2.4.1\spring-boot-test-2.4.1.jar;E:\apache-maven-3.6.3\maven-repo\org\springframework\boot\spring-boot-test-autoconfigure\2.4.1\spring-boot-test-autoconfigure-2.4.1.jar;E:\apache-maven-3.6.3\maven-repo\com\jayway\jsonpath\json-path\2.4.0\json-path-2.4.0.jar;E:\apache-maven-3.6.3\maven-repo\net\minidev\json-smart\2.3\json-smart-2.3.jar;E:\apache-maven-3.6.3\maven-repo\net\minidev\accessors-smart\1.2\accessors-smart-1.2.jar;E:\apache-maven-3.6.3\maven-repo\org\ow2\asm\asm\5.0.4\asm-5.0.4.jar;E:\apache-maven-3.6.3\maven-repo\org\slf4j\slf4j-api\1.7.30\slf4j-api-1.7.30.jar;E:\apache-maven-3.6.3\maven-repo\jakarta\xml\bind\jakarta.xml.bind-api\2.3.3\jakarta.xml.bind-api-2.3.3.jar;E:\apache-maven-3.6.3\maven-repo\jakarta\activation\jakarta.activation-api\1.2.2\jakarta.activation-api-1.2.2.jar;E:\apache-maven-3.6.3\maven-repo\org\assertj\assertj-core\3.18.1\assertj-core-3.18.1.jar;E:\apache-maven-3.6.3\maven-repo\org\hamcrest\hamcrest\2.2\hamcrest-2.2.jar;E:\apache-maven-3.6.3\maven-repo\org\junit\jupiter\junit-jupiter\5.7.0\junit-jupiter-5.7.0.jar;E:\apache-maven-3.6.3\maven-repo\org\junit\jupiter\junit-jupiter-api\5.7.0\junit-jupiter-api-5.7.0.jar;E:\apache-maven-3.6.3\maven-repo\org\apiguardian\apiguardian-api\1.1.0\apiguardian-api-1.1.0.jar;E:\apache-maven-3.6.3\maven-repo\org\opentest4j\opentest4j\1.2.0\opentest4j-1.2.0.jar;E:\apache-maven-3.6.3\maven-repo\org\junit\platform\junit-platform-commons\1.7.0\junit-platform-commons-1.7.0.jar;E:\apache-maven-3.6.3\maven-repo\org\junit\jupiter\junit-jupiter-params\5.7.0\junit-jupiter-params-5.7.0.jar;E:\apache-maven-3.6.3\maven-repo\org\junit\jupiter\junit-jupiter-engine\5.7.0\junit-jupiter-engine-5.7.0.jar;E:\apache-maven-3.6.3\maven-repo\org\junit\platform\junit-platform-engine\1.7.0\junit-platform-engine-1.7.0.jar;E:\apache-maven-3.6.3\maven-repo\org\mockito\mockito-core\3.6.28\mockito-core-3.6.28.jar;E:\apache-maven-3.6.3\maven-repo\net\bytebuddy\byte-buddy\1.10.18\byte-buddy-1.10.18.jar;E:\apache-maven-3.6.3\maven-repo\net\bytebuddy\byte-buddy-agent\1.10.18\byte-buddy-agent-1.10.18.jar;E:\apache-maven-3.6.3\maven-repo\org\objenesis\objenesis\3.1\objenesis-3.1.jar;E:\apache-maven-3.6.3\maven-repo\org\mockito\mockito-junit-jupiter\3.6.28\mockito-junit-jupiter-3.6.28.jar;E:\apache-maven-3.6.3\maven-repo\org\skyscreamer\jsonassert\1.5.0\jsonassert-1.5.0.jar;E:\apache-maven-3.6.3\maven-repo\com\vaadin\external\google\android-json\0.0.20131108.vaadin1\android-json-0.0.20131108.vaadin1.jar;E:\apache-maven-3.6.3\maven-repo\org\springframework\spring-core\5.3.2\spring-core-5.3.2.jar;E:\apache-maven-3.6.3\maven-repo\org\springframework\spring-jcl\5.3.2\spring-jcl-5.3.2.jar;E:\apache-maven-3.6.3\maven-repo\org\springframework\spring-test\5.3.2\spring-test-5.3.2.jar;E:\apache-maven-3.6.3\maven-repo\org\xmlunit\xmlunit-core\2.7.0\xmlunit-core-2.7.0.jar;E:\apache-maven-3.6.3\maven-repo\com\alibaba\druid\1.1.19\druid-1.1.19.jar;E:\apache-maven-3.6.3\maven-repo\commons-fileupload\commons-fileupload\1.4\commons-fileupload-1.4.jar;E:\apache-maven-3.6.3\maven-repo\commons-io\commons-io\2.2\commons-io-2.2.jar;E:\apache-maven-3.6.3\maven-repo\redis\clients\jedis\2.9.0\jedis-2.9.0.jar;E:\apache-maven-3.6.3\maven-repo\org\apache\commons\commons-pool2\2.9.0\commons-pool2-2.9.0.jar;E:\apache-maven-3.6.3\maven-repo\org\springframework\boot\spring-boot-starter-data-redis\2.4.1\spring-boot-starter-data-redis-2.4.1.jar;E:\apache-maven-3.6.3\maven-repo\org\springframework\data\spring-data-redis\2.4.2\spring-data-redis-2.4.2.jar;E:\apache-maven-3.6.3\maven-repo\org\springframework\data\spring-data-keyvalue\2.4.2\spring-data-keyvalue-2.4.2.jar;E:\apache-maven-3.6.3\maven-repo\org\springframework\data\spring-data-commons\2.4.2\spring-data-commons-2.4.2.jar;E:\apache-maven-3.6.3\maven-repo\org\springframework\spring-tx\5.3.2\spring-tx-5.3.2.jar;E:\apache-maven-3.6.3\maven-repo\org\springframework\spring-oxm\5.3.2\spring-oxm-5.3.2.jar;E:\apache-maven-3.6.3\maven-repo\org\springframework\spring-context-support\5.3.2\spring-context-support-5.3.2.jar;E:\apache-maven-3.6.3\maven-repo\io\lettuce\lettuce-core\6.0.1.RELEASE\lettuce-core-6.0.1.RELEASE.jar;E:\apache-maven-3.6.3\maven-repo\io\netty\netty-common\4.1.55.Final\netty-common-4.1.55.Final.jar;E:\apache-maven-3.6.3\maven-repo\io\netty\netty-handler\4.1.55.Final\netty-handler-4.1.55.Final.jar;E:\apache-maven-3.6.3\maven-repo\io\netty\netty-resolver\4.1.55.Final\netty-resolver-4.1.55.Final.jar;E:\apache-maven-3.6.3\maven-repo\io\netty\netty-buffer\4.1.55.Final\netty-buffer-4.1.55.Final.jar;E:\apache-maven-3.6.3\maven-repo\io\netty\netty-codec\4.1.55.Final\netty-codec-4.1.55.Final.jar;E:\apache-maven-3.6.3\maven-repo\io\netty\netty-transport\4.1.55.Final\netty-transport-4.1.55.Final.jar;E:\apache-maven-3.6.3\maven-repo\io\projectreactor\reactor-core\3.4.1\reactor-core-3.4.1.jar;E:\apache-maven-3.6.3\maven-repo\org\reactivestreams\reactive-streams\1.0.3\reactive-streams-1.0.3.jar;E:\apache-maven-3.6.3\maven-repo\com\alibaba\fastjson\1.2.75\fastjson-1.2.75.jar;E:\apache-maven-3.6.3\maven-repo\com\auth0\java-jwt\3.10.3\java-jwt-3.10.3.jar;E:\apache-maven-3.6.3\maven-repo\com\fasterxml\jackson\core\jackson-databind\2.11.3\jackson-databind-2.11.3.jar;E:\apache-maven-3.6.3\maven-repo\com\fasterxml\jackson\core\jackson-annotations\2.11.3\jackson-annotations-2.11.3.jar;E:\apache-maven-3.6.3\maven-repo\com\fasterxml\jackson\core\jackson-core\2.11.3\jackson-core-2.11.3.jar;E:\apache-maven-3.6.3\maven-repo\commons-codec\commons-codec\1.15\commons-codec-1.15.jar;E:\apache-maven-3.6.3\maven-repo\io\jsonwebtoken\jjwt\0.9.1\jjwt-0.9.1.jar;E:\apache-maven-3.6.3\maven-repo\org\springframework\boot\spring-boot-configuration-processor\2.4.1\spring-boot-configuration-processor-2.4.1.jar;"/>
    <property name="sun.cpu.endian" value="little"/>
    <property name="user.home" value="C:\Users\lihao"/>
    <property name="user.language" value="zh"/>
    <property name="java.specification.vendor" value="Oracle Corporation"/>
    <property name="java.version.date" value="2019-10-15"/>
    <property name="java.home" value="E:\IntelliJ IDEA 2019.3.3\jbr"/>
    <property name="file.separator" value="\"/>
    <property name="basedir" value="E:\springboot_vue"/>
    <property name="java.vm.compressedOopsMode" value="32-bit"/>
    <property name="line.separator" value="&#10;"/>
    <property name="java.specification.name" value="Java Platform API Specification"/>
    <property name="java.vm.specification.vendor" value="Oracle Corporation"/>
    <property name="java.awt.graphicsenv" value="sun.awt.Win32GraphicsEnvironment"/>
    <property name="surefire.real.class.path" value="C:\Users\lihao\AppData\Local\Temp\surefire12095906815231736457\surefirebooter5235058436305469478.jar"/>
    <property name="user.script" value=""/>
    <property name="sun.management.compiler" value="HotSpot 64-Bit Tiered Compilers"/>
    <property name="java.runtime.version" value="11.0.5+10-b520.38"/>
    <property name="user.name" value="lihao"/>
    <property name="path.separator" value=";"/>
    <property name="os.version" value="10.0"/>
    <property name="java.runtime.name" value="OpenJDK Runtime Environment"/>
    <property name="file.encoding" value="GBK"/>
    <property name="java.vm.name" value="OpenJDK 64-Bit Server VM"/>
    <property name="localRepository" value="E:\apache-maven-3.6.3\maven-repo"/>
    <property name="java.vendor.url.bug" value="https://youtrack.jetbrains.com"/>
    <property name="java.io.tmpdir" value="C:\Users\lihao\AppData\Local\Temp\"/>
    <property name="java.version" value="11.0.5"/>
    <property name="user.dir" value="E:\springboot_vue"/>
    <property name="os.arch" value="amd64"/>
    <property name="java.vm.specification.name" value="Java Virtual Machine Specification"/>
    <property name="java.awt.printerjob" value="sun.awt.windows.WPrinterJob"/>
    <property name="sun.os.patch.level" value=""/>
    <property name="idea.version2019.3.3" value="true"/>
    <property name="java.library.path" value="E:\IntelliJ IDEA 2019.3.3\jbr\bin;C:\WINDOWS\Sun\Java\bin;C:\WINDOWS\system32;C:\WINDOWS;C:\ProgramData\Oracle\Java\javapath;C:\Windows\system32;C:\Windows;C:\Windows\System32\Wbem;C:\Windows\System32\WindowsPowerShell\v1.0\;C:\Program Files\WIDCOMM\Bluetooth Software\;C:\Program Files\WIDCOMM\Bluetooth Software\syswow64;E:\node\;E:\Git\cmd;%NODE_PATH%;C:\Program Files\Java\JDK\bin;F:\android-sdk_r24.4.1-windows\android-sdk-windows\tools;F:\android-sdk_r24.4.1-windows\android-sdk-windows\platform-tools;C:\Users\lihao\AppData\Local\Programs\Python\Python37;C:\Program Files (x86)\NVIDIA Corporation\PhysX\Common;C:\WINDOWS\system32;C:\WINDOWS;C:\WINDOWS\System32\Wbem;C:\WINDOWS\System32\WindowsPowerShell\v1.0\;C:\WINDOWS\System32\OpenSSH\;E:\mysql\bin;E:\apache-maven-3.6.3\bin;C:\Users\lihao\AppData\Local\Programs\Python\Python37\Scripts\;C:\Users\lihao\AppData\Local\Programs\Python\Python37\;C:\Users\lihao\AppData\Local\Microsoft\WindowsApps;C:\Users\lihao\AppData\Roaming\npm;%NODE_PATH%;&quot;C:\Program Files\Java\JDK\bin;&quot;;C:\Program Files\Bandizip\;E:\IntelliJ IDEA 2019.3.3\bin;;."/>
    <property name="java.vendor" value="JetBrains s.r.o"/>
    <property name="java.vm.info" value="mixed mode, sharing"/>
    <property name="java.vm.version" value="11.0.5+10-b520.38"/>
    <property name="sun.io.unicode.encoding" value="UnicodeLittle"/>
    <property name="java.class.version" value="55.0"/>
  </properties>
  <testcase name="testRedisConnect" classname="com.li.springboot_vue.RedisConnectTest" time="1.559"/>
  <testcase name="testRedisTemplate" classname="com.li.springboot_vue.RedisConnectTest" time="6.054"/>
</testsuite>